o_anuncio_dizia_tres_mil => declaracao de inteiro
a => variavel
; => ponto e virgula
o_anuncio_dizia_tres_mil => declaracao de inteiro
b => variavel
; => ponto e virgula
o_anuncio_dizia_tres_mil => declaracao de inteiro
reverso => variavel
eu_sou_outra_pessoa => atribuicao
0 => int
; => ponto e virgula
deixa_a_mamae_e_o_papai_conversarem => print
( => parentese esquerdo
"Forneca o primeiro numero:" => string
) => parentese direito
; => ponto e virgula
pode_falar => scan
( => parentese esquerdo
"%d" => string
, => virgula
a => variavel
) => parentese direito
; => ponto e virgula
deixa_a_mamae_e_o_papai_conversarem => print
( => parentese esquerdo
"Forneca o segundo numero:" => string
) => parentese direito
; => ponto e virgula
pode_falar => scan
( => parentese esquerdo
"%d" => string
, => virgula
b => variavel
) => parentese direito
; => ponto e virgula
aguenta_ai_mary_jane => enquanto
( => parentese esquerdo
b => variavel
voce_nao_e_como_eu => desigualdade
0 => int
) => parentese direito
{ => chave esquerda
o_anuncio_dizia_tres_mil => declaracao de inteiro
resto => variavel
eu_sou_outra_pessoa => atribuicao
b => variavel
quem_disse_que_isso_e_problema_meu => resto
10 => int
; => ponto e virgula
reverso => variavel
eu_sou_outra_pessoa => atribuicao
reverso => variavel
potencializa_as_caracteristicas => vezes
10 => int
posso_fazer_mais => mais
resto => variavel
; => ponto e virgula
b => variavel
eu_sou_outra_pessoa => atribuicao
b => variavel
ele_roubou_o_cara_das_pizzas => divide
10 => int
; => ponto e virgula
} => chave direita
com_grandes_poderes => condicional
( => parentese esquerdo
a => variavel
voce_e_como_eu => igualdade
reverso => variavel
) => parentese direito
{ => chave esquerda
deixa_a_mamae_e_o_papai_conversarem => print
( => parentese esquerdo
"Sao inversos" => string
) => parentese direito
; => ponto e virgula
} => chave direita
vem_grandes_responsabilidades => condicional padrao
{ => chave esquerda
deixa_a_mamae_e_o_papai_conversarem => print
( => parentese esquerdo
"Nao sao inversos" => string
) => parentese direito
; => ponto e virgula
} => chave direita
