o_anuncio_dizia_tres_mil => declaracao de inteiro
n => variavel
; => ponto e virgula
o_anuncio_dizia_tres_mil => declaracao de inteiro
a => variavel
eu_sou_outra_pessoa => atribuicao
1 => int
; => ponto e virgula
o_anuncio_dizia_tres_mil => declaracao de inteiro
b => variavel
eu_sou_outra_pessoa => atribuicao
1 => int
; => ponto e virgula
o_anuncio_dizia_tres_mil => declaracao de inteiro
i => variavel
eu_sou_outra_pessoa => atribuicao
3 => int
; => ponto e virgula
o_anuncio_dizia_tres_mil => declaracao de inteiro
fib => variavel
; => ponto e virgula
deixa_a_mamae_e_o_papai_conversarem => print
( => parentese esquerdo
"Digite o valor de n: " => string
) => parentese direito
; => ponto e virgula
pode_falar => scan
( => parentese esquerdo
"%d" => string
, => virgula
n => variavel
) => parentese direito
; => ponto e virgula
com_grandes_poderes => condicional
( => parentese esquerdo
n => variavel
voce_ainda_tem_muito_o_que_aprender => menor
1 => int
) => parentese direito
{ => chave esquerda
deixa_a_mamae_e_o_papai_conversarem => print
( => parentese esquerdo
"Forneca um numero maior que 0" => string
) => parentese direito
; => ponto e virgula
} => chave direita
se_alguem_comesse_promessa_minha_filha_seria_gorda => condicional extra
( => parentese esquerdo
n => variavel
voce_ainda_tem_muito_o_que_aprender => menor
3 => int
) => parentese direito
{ => chave esquerda
deixa_a_mamae_e_o_papai_conversarem => print
( => parentese esquerdo
"Fibonacci eh: 1" => string
) => parentese direito
; => ponto e virgula
} => chave direita
vem_grandes_responsabilidades => condicional padrao
{ => chave esquerda
aguenta_ai_mary_jane => enquanto
( => parentese esquerdo
i => variavel
ainda_nao_sou_tudo_que_posso_ser => menor ou igual
n => variavel
) => parentese direito
{ => chave esquerda
fib => variavel
eu_sou_outra_pessoa => atribuicao
a => variavel
posso_fazer_mais => mais
b => variavel
; => ponto e virgula
a => variavel
eu_sou_outra_pessoa => atribuicao
b => variavel
; => ponto e virgula
b => variavel
eu_sou_outra_pessoa => atribuicao
fib => variavel
; => ponto e virgula
i => variavel
eu_sou_outra_pessoa => atribuicao
i => variavel
posso_fazer_mais => mais
1 => int
; => ponto e virgula
} => chave direita
deixa_a_mamae_e_o_papai_conversarem => print
( => parentese esquerdo
"Fibonacci eh: %d" => string
, => virgula
fib => variavel
) => parentese direito
; => ponto e virgula
} => chave direita
