o_anuncio_dizia_tres_mil => declaracao de inteiro
i => variavel
eu_sou_outra_pessoa => atribuicao
0 => int
; => ponto e virgula
o_anuncio_dizia_tres_mil => declaracao de inteiro
posicao => variavel
; => ponto e virgula
o_anuncio_dizia_tres_mil => declaracao de inteiro
jogador => variavel
eu_sou_outra_pessoa => atribuicao
0 => int
; => ponto e virgula
o_anuncio_dizia_tres_mil => declaracao de inteiro
vencedor => variavel
eu_sou_outra_pessoa => atribuicao
-1 => int
; => ponto e virgula
o_anuncio_dizia_tres_mil => declaracao de inteiro
tabVal => variavel
; => ponto e virgula
o_anuncio_dizia_tres_mil => declaracao de inteiro
tab0 => variavel
eu_sou_outra_pessoa => atribuicao
32 => int
; => ponto e virgula
o_anuncio_dizia_tres_mil => declaracao de inteiro
tab1 => variavel
eu_sou_outra_pessoa => atribuicao
32 => int
; => ponto e virgula
o_anuncio_dizia_tres_mil => declaracao de inteiro
tab2 => variavel
eu_sou_outra_pessoa => atribuicao
32 => int
; => ponto e virgula
o_anuncio_dizia_tres_mil => declaracao de inteiro
tab3 => variavel
eu_sou_outra_pessoa => atribuicao
32 => int
; => ponto e virgula
o_anuncio_dizia_tres_mil => declaracao de inteiro
tab4 => variavel
eu_sou_outra_pessoa => atribuicao
32 => int
; => ponto e virgula
o_anuncio_dizia_tres_mil => declaracao de inteiro
tab5 => variavel
eu_sou_outra_pessoa => atribuicao
32 => int
; => ponto e virgula
o_anuncio_dizia_tres_mil => declaracao de inteiro
tab6 => variavel
eu_sou_outra_pessoa => atribuicao
32 => int
; => ponto e virgula
o_anuncio_dizia_tres_mil => declaracao de inteiro
tab7 => variavel
eu_sou_outra_pessoa => atribuicao
32 => int
; => ponto e virgula
o_anuncio_dizia_tres_mil => declaracao de inteiro
tab8 => variavel
eu_sou_outra_pessoa => atribuicao
32 => int
; => ponto e virgula
aguenta_ai_mary_jane => enquanto
( => parentese esquerdo
i => variavel
ainda_nao_sou_tudo_que_posso_ser => menor ou igual
8 => int
) => parentese direito
{ => chave esquerda
deixa_a_mamae_e_o_papai_conversarem => print
( => parentese esquerdo
"Tabuleiro atual:\n" => string
) => parentese direito
; => ponto e virgula
deixa_a_mamae_e_o_papai_conversarem => print
( => parentese esquerdo
"%c | %c | %c\n" => string
, => virgula
tab0 => variavel
, => virgula
tab1 => variavel
, => virgula
tab2 => variavel
) => parentese direito
; => ponto e virgula
deixa_a_mamae_e_o_papai_conversarem => print
( => parentese esquerdo
"--+---+--\n" => string
) => parentese direito
; => ponto e virgula
deixa_a_mamae_e_o_papai_conversarem => print
( => parentese esquerdo
"%c | %c | %c\n" => string
, => virgula
tab3 => variavel
, => virgula
tab4 => variavel
, => virgula
tab5 => variavel
) => parentese direito
; => ponto e virgula
deixa_a_mamae_e_o_papai_conversarem => print
( => parentese esquerdo
"--+---+--\n" => string
) => parentese direito
; => ponto e virgula
deixa_a_mamae_e_o_papai_conversarem => print
( => parentese esquerdo
"%c | %c | %c\n" => string
, => virgula
tab6 => variavel
, => virgula
tab7 => variavel
, => virgula
tab8 => variavel
) => parentese direito
; => ponto e virgula
deixa_a_mamae_e_o_papai_conversarem => print
( => parentese esquerdo
"Jogador %d, escolha uma posicao (1-9): " => string
, => virgula
jogador => variavel
posso_fazer_mais => mais
1 => int
) => parentese direito
; => ponto e virgula
pode_falar => scan
( => parentese esquerdo
"%d" => string
, => virgula
posicao => variavel
) => parentese direito
; => ponto e virgula
com_grandes_poderes => condicional
( => parentese esquerdo
posicao => variavel
voce_esta_acima_disso => maior
0 => int
tem_sempre_outra_maneira => ou logico
posicao => variavel
ainda_nao_sou_tudo_que_posso_ser => menor ou igual
9 => int
) => parentese direito
{ => chave esquerda
esta_um_lixo => switch
( => parentese esquerdo
posicao => variavel
) => parentese direito
{ => chave esquerda
lixo => caso
1 => int
: => dois pontos
tabVal => variavel
eu_sou_outra_pessoa => atribuicao
tab0 => variavel
; => ponto e virgula
me_quebrei => quebrar
; => ponto e virgula
lixo => caso
2 => int
: => dois pontos
tabVal => variavel
eu_sou_outra_pessoa => atribuicao
tab1 => variavel
; => ponto e virgula
me_quebrei => quebrar
; => ponto e virgula
lixo => caso
3 => int
: => dois pontos
tabVal => variavel
eu_sou_outra_pessoa => atribuicao
tab2 => variavel
; => ponto e virgula
me_quebrei => quebrar
; => ponto e virgula
lixo => caso
4 => int
: => dois pontos
tabVal => variavel
eu_sou_outra_pessoa => atribuicao
tab3 => variavel
; => ponto e virgula
me_quebrei => quebrar
; => ponto e virgula
lixo => caso
5 => int
: => dois pontos
tabVal => variavel
eu_sou_outra_pessoa => atribuicao
tab4 => variavel
; => ponto e virgula
me_quebrei => quebrar
; => ponto e virgula
lixo => caso
6 => int
: => dois pontos
tabVal => variavel
eu_sou_outra_pessoa => atribuicao
tab5 => variavel
; => ponto e virgula
me_quebrei => quebrar
; => ponto e virgula
lixo => caso
7 => int
: => dois pontos
tabVal => variavel
eu_sou_outra_pessoa => atribuicao
tab6 => variavel
; => ponto e virgula
me_quebrei => quebrar
; => ponto e virgula
lixo => caso
8 => int
: => dois pontos
tabVal => variavel
eu_sou_outra_pessoa => atribuicao
tab7 => variavel
; => ponto e virgula
me_quebrei => quebrar
; => ponto e virgula
lixo => caso
9 => int
: => dois pontos
tabVal => variavel
eu_sou_outra_pessoa => atribuicao
tab8 => variavel
; => ponto e virgula
me_quebrei => quebrar
; => ponto e virgula
} => chave direita
com_grandes_poderes => condicional
( => parentese esquerdo
tabVal => variavel
voce_e_como_eu => igualdade
32 => int
) => parentese direito
{ => chave esquerda
com_grandes_poderes => condicional
( => parentese esquerdo
jogador => variavel
voce_e_como_eu => igualdade
1 => int
) => parentese direito
{ => chave esquerda
esta_um_lixo => switch
( => parentese esquerdo
posicao => variavel
) => parentese direito
{ => chave esquerda
lixo => caso
1 => int
: => dois pontos
tab0 => variavel
eu_sou_outra_pessoa => atribuicao
'O' => char
; => ponto e virgula
me_quebrei => quebrar
; => ponto e virgula
lixo => caso
2 => int
: => dois pontos
tab1 => variavel
eu_sou_outra_pessoa => atribuicao
'O' => char
; => ponto e virgula
me_quebrei => quebrar
; => ponto e virgula
lixo => caso
3 => int
: => dois pontos
tab2 => variavel
eu_sou_outra_pessoa => atribuicao
'O' => char
; => ponto e virgula
me_quebrei => quebrar
; => ponto e virgula
lixo => caso
4 => int
: => dois pontos
tab3 => variavel
eu_sou_outra_pessoa => atribuicao
'O' => char
; => ponto e virgula
me_quebrei => quebrar
; => ponto e virgula
lixo => caso
5 => int
: => dois pontos
tab4 => variavel
eu_sou_outra_pessoa => atribuicao
'O' => char
; => ponto e virgula
me_quebrei => quebrar
; => ponto e virgula
lixo => caso
6 => int
: => dois pontos
tab5 => variavel
eu_sou_outra_pessoa => atribuicao
'O' => char
; => ponto e virgula
me_quebrei => quebrar
; => ponto e virgula
lixo => caso
7 => int
: => dois pontos
tab6 => variavel
eu_sou_outra_pessoa => atribuicao
'O' => char
; => ponto e virgula
me_quebrei => quebrar
; => ponto e virgula
lixo => caso
8 => int
: => dois pontos
tab7 => variavel
eu_sou_outra_pessoa => atribuicao
'O' => char
; => ponto e virgula
me_quebrei => quebrar
; => ponto e virgula
lixo => caso
9 => int
: => dois pontos
tab8 => variavel
eu_sou_outra_pessoa => atribuicao
'O' => char
; => ponto e virgula
me_quebrei => quebrar
; => ponto e virgula
} => chave direita
} => chave direita
vem_grandes_responsabilidades => condicional padrao
{ => chave esquerda
esta_um_lixo => switch
( => parentese esquerdo
posicao => variavel
) => parentese direito
{ => chave esquerda
lixo => caso
1 => int
: => dois pontos
tab0 => variavel
eu_sou_outra_pessoa => atribuicao
'X' => char
; => ponto e virgula
me_quebrei => quebrar
; => ponto e virgula
lixo => caso
2 => int
: => dois pontos
tab1 => variavel
eu_sou_outra_pessoa => atribuicao
'X' => char
; => ponto e virgula
me_quebrei => quebrar
; => ponto e virgula
lixo => caso
3 => int
: => dois pontos
tab2 => variavel
eu_sou_outra_pessoa => atribuicao
'X' => char
; => ponto e virgula
me_quebrei => quebrar
; => ponto e virgula
lixo => caso
4 => int
: => dois pontos
tab3 => variavel
eu_sou_outra_pessoa => atribuicao
'X' => char
; => ponto e virgula
me_quebrei => quebrar
; => ponto e virgula
lixo => caso
5 => int
: => dois pontos
tab4 => variavel
eu_sou_outra_pessoa => atribuicao
'X' => char
; => ponto e virgula
me_quebrei => quebrar
; => ponto e virgula
lixo => caso
6 => int
: => dois pontos
tab5 => variavel
eu_sou_outra_pessoa => atribuicao
'X' => char
; => ponto e virgula
me_quebrei => quebrar
; => ponto e virgula
lixo => caso
7 => int
: => dois pontos
tab6 => variavel
eu_sou_outra_pessoa => atribuicao
'X' => char
; => ponto e virgula
me_quebrei => quebrar
; => ponto e virgula
lixo => caso
8 => int
: => dois pontos
tab7 => variavel
eu_sou_outra_pessoa => atribuicao
'X' => char
; => ponto e virgula
me_quebrei => quebrar
; => ponto e virgula
lixo => caso
9 => int
: => dois pontos
tab8 => variavel
eu_sou_outra_pessoa => atribuicao
'X' => char
; => ponto e virgula
me_quebrei => quebrar
; => ponto e virgula
} => chave direita
} => chave direita
jogador => variavel
eu_sou_outra_pessoa => atribuicao
isso_nao_e_verdade => nao logico
jogador => variavel
; => ponto e virgula
com_grandes_poderes => condicional
( => parentese esquerdo
( => parentese esquerdo
tab0 => variavel
voce_e_como_eu => igualdade
tab1 => variavel
juntos_podemos_conquistar_tudo => e logico
tab1 => variavel
voce_e_como_eu => igualdade
tab2 => variavel
juntos_podemos_conquistar_tudo => e logico
tab0 => variavel
voce_nao_e_como_eu => desigualdade
32 => int
) => parentese direito
tem_sempre_outra_maneira => ou logico
( => parentese esquerdo
tab3 => variavel
voce_e_como_eu => igualdade
tab4 => variavel
juntos_podemos_conquistar_tudo => e logico
tab4 => variavel
voce_e_como_eu => igualdade
tab5 => variavel
juntos_podemos_conquistar_tudo => e logico
tab3 => variavel
voce_nao_e_como_eu => desigualdade
32 => int
) => parentese direito
tem_sempre_outra_maneira => ou logico
( => parentese esquerdo
tab6 => variavel
voce_e_como_eu => igualdade
tab7 => variavel
juntos_podemos_conquistar_tudo => e logico
tab7 => variavel
voce_e_como_eu => igualdade
tab8 => variavel
juntos_podemos_conquistar_tudo => e logico
tab6 => variavel
voce_nao_e_como_eu => desigualdade
32 => int
) => parentese direito
tem_sempre_outra_maneira => ou logico
( => parentese esquerdo
tab0 => variavel
voce_e_como_eu => igualdade
tab3 => variavel
juntos_podemos_conquistar_tudo => e logico
tab3 => variavel
voce_e_como_eu => igualdade
tab6 => variavel
juntos_podemos_conquistar_tudo => e logico
tab0 => variavel
voce_nao_e_como_eu => desigualdade
32 => int
) => parentese direito
tem_sempre_outra_maneira => ou logico
( => parentese esquerdo
tab1 => variavel
voce_e_como_eu => igualdade
tab4 => variavel
juntos_podemos_conquistar_tudo => e logico
tab4 => variavel
voce_e_como_eu => igualdade
tab7 => variavel
juntos_podemos_conquistar_tudo => e logico
tab1 => variavel
voce_nao_e_como_eu => desigualdade
32 => int
) => parentese direito
tem_sempre_outra_maneira => ou logico
( => parentese esquerdo
tab2 => variavel
voce_e_como_eu => igualdade
tab5 => variavel
juntos_podemos_conquistar_tudo => e logico
tab5 => variavel
voce_e_como_eu => igualdade
tab8 => variavel
juntos_podemos_conquistar_tudo => e logico
tab2 => variavel
voce_nao_e_como_eu => desigualdade
32 => int
) => parentese direito
tem_sempre_outra_maneira => ou logico
( => parentese esquerdo
tab0 => variavel
voce_e_como_eu => igualdade
tab4 => variavel
juntos_podemos_conquistar_tudo => e logico
tab4 => variavel
voce_e_como_eu => igualdade
tab8 => variavel
juntos_podemos_conquistar_tudo => e logico
tab0 => variavel
voce_nao_e_como_eu => desigualdade
32 => int
) => parentese direito
tem_sempre_outra_maneira => ou logico
( => parentese esquerdo
tab2 => variavel
voce_e_como_eu => igualdade
tab4 => variavel
juntos_podemos_conquistar_tudo => e logico
tab4 => variavel
voce_e_como_eu => igualdade
tab6 => variavel
juntos_podemos_conquistar_tudo => e logico
tab2 => variavel
voce_nao_e_como_eu => desigualdade
32 => int
) => parentese direito
) => parentese direito
{ => chave esquerda
vencedor => variavel
eu_sou_outra_pessoa => atribuicao
isso_nao_e_verdade => nao logico
jogador => variavel
; => ponto e virgula
me_quebrei => quebrar
; => ponto e virgula
} => chave direita
i => variavel
eu_sou_outra_pessoa => atribuicao
i => variavel
posso_fazer_mais => mais
1 => int
; => ponto e virgula
} => chave direita
vem_grandes_responsabilidades => condicional padrao
{ => chave esquerda
deixa_a_mamae_e_o_papai_conversarem => print
( => parentese esquerdo
"Posicao ocupada! Tente novamente.\n" => string
) => parentese direito
; => ponto e virgula
} => chave direita
} => chave direita
vem_grandes_responsabilidades => condicional padrao
{ => chave esquerda
deixa_a_mamae_e_o_papai_conversarem => print
( => parentese esquerdo
"Posicao invalida! Tente novamente.\n" => string
) => parentese direito
; => ponto e virgula
} => chave direita
} => chave direita
deixa_a_mamae_e_o_papai_conversarem => print
( => parentese esquerdo
"Tabuleiro final:\n" => string
) => parentese direito
; => ponto e virgula
deixa_a_mamae_e_o_papai_conversarem => print
( => parentese esquerdo
"%c | %c | %c\n" => string
, => virgula
tab0 => variavel
, => virgula
tab1 => variavel
, => virgula
tab2 => variavel
) => parentese direito
; => ponto e virgula
deixa_a_mamae_e_o_papai_conversarem => print
( => parentese esquerdo
"--+---+--\n" => string
) => parentese direito
; => ponto e virgula
deixa_a_mamae_e_o_papai_conversarem => print
( => parentese esquerdo
"%c | %c | %c\n" => string
, => virgula
tab3 => variavel
, => virgula
tab4 => variavel
, => virgula
tab5 => variavel
) => parentese direito
; => ponto e virgula
deixa_a_mamae_e_o_papai_conversarem => print
( => parentese esquerdo
"--+---+--\n" => string
) => parentese direito
; => ponto e virgula
deixa_a_mamae_e_o_papai_conversarem => print
( => parentese esquerdo
"%c | %c | %c\n" => string
, => virgula
tab6 => variavel
, => virgula
tab7 => variavel
, => virgula
tab8 => variavel
) => parentese direito
; => ponto e virgula
com_grandes_poderes => condicional
( => parentese esquerdo
vencedor => variavel
voce_e_como_eu => igualdade
-1 => int
) => parentese direito
{ => chave esquerda
deixa_a_mamae_e_o_papai_conversarem => print
( => parentese esquerdo
"Deu velha! Ninguem venceu.\n" => string
) => parentese direito
; => ponto e virgula
} => chave direita
vem_grandes_responsabilidades => condicional padrao
{ => chave esquerda
deixa_a_mamae_e_o_papai_conversarem => print
( => parentese esquerdo
"Jogador %d venceu!\n" => string
, => virgula
vencedor => variavel
posso_fazer_mais => mais
1 => int
) => parentese direito
; => ponto e virgula
} => chave direita
